
> @neurascale/web@0.1.0 build /Users/weg/NeuraScale/neurascale/apps/web
> next build

  ▲ Next.js 14.2.7

   Creating an optimized production build ...
 ✓ Compiled successfully
   Linting and checking validity of types ...
   Collecting page data ...
   Generating static pages (0/10) ...
   Generating static pages (2/10) 
   Generating static pages (4/10) 
   Generating static pages (7/10) 
 ✓ Generating static pages (10/10)
   Finalizing page optimization ...
   Collecting build traces ...

Route (app)                              Size     First Load JS
┌ ○ /                                    3.25 kB        90.3 kB
├ ○ /_not-found                          871 B            88 kB
├ ○ /attractors                          302 B          87.4 kB
├ ○ /login                               863 B            88 kB
├ ○ /marketing                           8.54 kB        95.6 kB
├ ○ /profile                             790 B          87.9 kB
└ ○ /signup                              865 B            88 kB
+ First Load JS shared by all            87.1 kB
  ├ chunks/23-a9dffa8512aa1afb.js        31.6 kB
  ├ chunks/fd9d1056-3d5fd5de155f94df.js  53.6 kB
  └ other shared chunks (total)          1.9 kB


○  (Static)  prerendered as static content

